<?xml version="1.0" encoding="utf-8"?><testsuites name="pytest tests"><testsuite name="pytest" errors="0" failures="0" skipped="0" tests="26" time="6.363" timestamp="2026-09-19T23:53:13.151690+00:00" hostname="agent-env-40219b44-a5f0-4ca8-83e3-e0fc9fc08b22"><testcase classname="tests.test_market_chat_api" name="test_market_feed_trending_solana" time="0.166" /><testcase classname="tests.test_market_chat_api" name="test_market_feed_new_solana" time="0.078" /><testcase classname="tests.test_market_chat_api" name="test_market_feed_all_chain_request" time="1.040" /><testcase classname="tests.test_market_chat_api" name="test_market_feed_invalid_chain" time="0.062" /><testcase classname="tests.test_market_chat_api" name="test_market_feed_invalid_page_bounds" time="0.065" /><testcase classname="tests.test_market_chat_api" name="test_market_search_wrapped_sol" time="0.068" /><testcase classname="tests.test_market_chat_api" name="test_market_search_empty_query_rejected" time="0.062" /><testcase classname="tests.test_market_chat_api" name="test_market_candles_sorted_unique_timestamps" time="0.143" /><testcase classname="tests.test_market_chat_api" name="test_market_candles_invalid_interval" time="0.062" /><testcase classname="tests.test_market_chat_api" name="test_market_candles_invalid_chain" time="0.066" /><testcase classname="tests.test_market_chat_api" name="test_chat_post_and_history_order" time="0.255" /><testcase classname="tests.test_market_chat_api" name="test_chat_blank_message_rejected" time="0.089" /><testcase classname="tests.test_terminal_command_api" name="test_assets_endpoint_fee_defaults" time="0.149" /><testcase classname="tests.test_terminal_command_api" name="test_trading_status_surface" time="0.068" /><testcase classname="tests.test_terminal_command_api" name="test_quote_sol_to_usdc_success" time="0.890" /><testcase classname="tests.test_terminal_command_api" name="test_quote_fee_pair_surfaces_real_provider_state" time="0.415" /><testcase classname="tests.test_terminal_command_api" name="test_quote_rejects_invalid_mint" time="0.062" /><testcase classname="tests.test_terminal_command_api" name="test_quote_rejects_same_token" time="0.064" /><testcase classname="tests.test_terminal_command_api" name="test_quote_rejects_invalid_slippage" time="0.061" /><testcase classname="tests.test_terminal_command_api" name="test_quote_rejects_precision_overflow" time="0.064" /><testcase classname="tests.test_terminal_command_api" name="test_intelligence_tape_has_lineage_fields" time="0.075" /><testcase classname="tests.test_terminal_command_api" name="test_scan_contract_case_sensitivity_solana" time="0.999" /><testcase classname="tests.test_terminal_command_api" name="test_whitepaper_web_has_25_chapters_and_targets" time="0.065" /><testcase classname="tests.test_terminal_command_api" name="test_whitepaper_pdf_headers_inline_and_attachment" time="0.625" /><testcase classname="tests.test_terminal_command_api" name="test_whitepaper_pdf_text_matches_key_statements" time="0.399" /><testcase classname="tests.test_terminal_command_api" name="test_trading_unknown_order_guards" time="0.219" /></testsuite></testsuites>